<?xml version="1.0" encoding="UTF-8"?>
<testng-results ignored="0" total="1" passed="1" failed="0" skipped="0">
  <reporter-output>
  </reporter-output>
  <suite started-at="2023-10-14T13:50:25 IST" name="Default suite" finished-at="2023-10-14T13:50:46 IST" duration-ms="20612">
    <groups>
    </groups>
    <test started-at="2023-10-14T13:50:25 IST" name="Default test" finished-at="2023-10-14T13:50:46 IST" duration-ms="20612">
      <class name="myproject.TC_1">
        <test-method signature="testLogin()[pri:0, instance:myproject.TC_1@35ef1869]" started-at="2023-10-14T13:50:25 IST" name="testLogin" finished-at="2023-10-14T13:50:46 IST" duration-ms="20510" status="PASS">
          <reporter-output>
          </reporter-output>
        </test-method> <!-- testLogin -->
      </class> <!-- myproject.TC_1 -->
    </test> <!-- Default test -->
  </suite> <!-- Default suite -->
</testng-results>
